Arguments: 
  /usr/local/bin/node /usr/local/bin/yarn add express cors mongoose pusher

PATH: 
  /usr/local/opt/openjdk/bin:/Users/rookasrudzianskas/opt/anaconda3/bin:/Users/rookasrudzianskas/opt/anaconda3/condabin:/Library/Frameworks/Python.framework/Versions/3.9/bin:/usr/local/bin:/usr/bin:/bin:/usr/sbin:/sbin:/Library/Apple/usr/bin:/Users/rookasrudzianskas/Documents/React/REACT_DISCORD_MERN/DISCORD_BACKEND/node_modules/.bin

Yarn version: 
  1.22.10

Node version: 
  14.15.0

Platform: 
  darwin x64

Trace: 
  Error: getaddrinfo ENOTFOUND registry.yarnpkg.com
      at GetAddrInfoReqWrap.onlookup [as oncomplete] (dns.js:67:26)

npm manifest: 
  {
    "name": "discord_backend",
    "version": "1.0.0",
    "description": "",
    "main": "server.js",
    "type": "module",
    "scripts": {
      "test": "echo \"Error: no test specified\" && exit 1",
      "start": "node server.js"
    },
    "repository": {
      "type": "git",
      "url": "git+https://github.com/rookasrudzianskas/Discord-MERN_BACKEND.git"
    },
    "author": "",
    "license": "ISC",
    "bugs": {
      "url": "https://github.com/rookasrudzianskas/Discord-MERN_BACKEND/issues"
    },
    "homepage": "https://github.com/rookasrudzianskas/Discord-MERN_BACKEND#readme"
  }

yarn manifest: 
  No manifest

Lockfile: 
  No lockfile
